0 info it worked if it ends with ok
1 verbose cli [ 'C:\\Program Files\\nodejs\\node.exe',
1 verbose cli   'C:\\Program Files\\nodejs\\node_modules\\npm\\bin\\npm-cli.js',
1 verbose cli   'start' ]
2 info using npm@3.3.12
3 info using node@v5.5.0
4 verbose run-script [ 'prestart', 'start', 'poststart' ]
5 info lifecycle react-reflux@1.0.0~prestart: react-reflux@1.0.0
6 silly lifecycle react-reflux@1.0.0~prestart: no script for prestart, continuing
7 info lifecycle react-reflux@1.0.0~start: react-reflux@1.0.0
8 verbose lifecycle react-reflux@1.0.0~start: unsafe-perm in lifecycle true
9 verbose lifecycle react-reflux@1.0.0~start: PATH: C:\Program Files\nodejs\node_modules\npm\bin\node-gyp-bin;C:\Users\myhsu.CORP\Documents\Testing\splatoon-data\node_modules\.bin;C:\ProgramData\Oracle\Java\javapath;C:\Program Files (x86)\M1 Licensing;C:\Program Files (x86)\Intel\iCLS Client\;C:\Program Files\Intel\iCLS Client\;C:\WINDOWS\system32;C:\WINDOWS;C:\WINDOWS\System32\Wbem;C:\WINDOWS\System32\WindowsPowerShell\v1.0\;C:\Program Files\Intel\Intel(R) Management Engine Components\DAL;C:\Program Files\Intel\Intel(R) Management Engine Components\IPT;C:\Program Files (x86)\Intel\Intel(R) Management Engine Components\DAL;C:\Program Files (x86)\Intel\Intel(R) Management Engine Components\IPT;C:\Program Files (x86)\Intel\OpenCL SDK\3.0\bin\x86;C:\Program Files (x86)\Intel\OpenCL SDK\3.0\bin\x64;C:\Program Files\Lenovo\Fingerprint Manager Pro\;C:\Program Files\Condusiv Technologies\ExpressCache\;C:\ProgramData\Lenovo\ReadyApps;C:\Program Files\OpenVPN\bin;C:\Program Files (x86)\MySQL\MySQL Utilities 1.4.3\;C:\Program Files (x86)\MySQL\MySQL Utilities 1.4.3\Doctrine extensions for PHP\;C:\Program Files (x86)\Schneider Electric\Advantys\Bin;C:\Program Files (x86)\Proficy\Proficy iFIX;C:\Program Files\Microsoft SQL Server\110\Tools\Binn\;C:\Program Files (x86)\Microsoft SDKs\TypeScript\1.0\;C:\Program Files (x86)\Schneider Electric\Vijeo-Designer 6.2\Vijeo-Runtime\public\bin;C:\Program Files (x86)\Schneider Electric\Vijeo-Designer 6.2\Vijeo-Frame\Help;C:\Program Files (x86)\Git\cmd;C:\Program Files\nodejs\;C:\Program Files\Intel\WiFi\bin\;C:\Program Files\Common Files\Intel\WirelessCommon\;C:\glassfish4\jdk7\bin;C:\Program Files (x86)\Apache Software Foundation\apache-maven-3.2.1\bin;C:\Python27\;C:\Program Files\smartmontools\bin;C:\Users\myhsu.CORP\AppData\Local\atom\bin;C:\Users\myhsu.CORP\AppData\Roaming\npm;C:\Program Files\Intel\WiFi\bin\;C:\Program Files\Common Files\Intel\WirelessCommon\
10 verbose lifecycle react-reflux@1.0.0~start: CWD: C:\Users\myhsu.CORP\Documents\Testing\splatoon-data
11 silly lifecycle react-reflux@1.0.0~start: Args: [ '/d /s /c', 'webpack-dev-server' ]
12 silly lifecycle react-reflux@1.0.0~start: Returned: code: 1  signal: null
13 info lifecycle react-reflux@1.0.0~start: Failed to exec start script
14 verbose stack Error: react-reflux@1.0.0 start: `webpack-dev-server`
14 verbose stack Exit status 1
14 verbose stack     at EventEmitter.<anonymous> (C:\Program Files\nodejs\node_modules\npm\lib\utils\lifecycle.js:232:16)
14 verbose stack     at emitTwo (events.js:100:13)
14 verbose stack     at EventEmitter.emit (events.js:185:7)
14 verbose stack     at ChildProcess.<anonymous> (C:\Program Files\nodejs\node_modules\npm\lib\utils\spawn.js:24:14)
14 verbose stack     at emitTwo (events.js:100:13)
14 verbose stack     at ChildProcess.emit (events.js:185:7)
14 verbose stack     at maybeClose (internal/child_process.js:821:16)
14 verbose stack     at Process.ChildProcess._handle.onexit (internal/child_process.js:211:5)
15 verbose pkgid react-reflux@1.0.0
16 verbose cwd C:\Users\myhsu.CORP\Documents\Testing\splatoon-data
17 error Windows_NT 6.3.9600
18 error argv "C:\\Program Files\\nodejs\\node.exe" "C:\\Program Files\\nodejs\\node_modules\\npm\\bin\\npm-cli.js" "start"
19 error node v5.5.0
20 error npm  v3.3.12
21 error code ELIFECYCLE
22 error react-reflux@1.0.0 start: `webpack-dev-server`
22 error Exit status 1
23 error Failed at the react-reflux@1.0.0 start script 'webpack-dev-server'.
23 error Make sure you have the latest version of node.js and npm installed.
23 error If you do, this is most likely a problem with the react-reflux package,
23 error not with npm itself.
23 error Tell the author that this fails on your system:
23 error     webpack-dev-server
23 error You can get their info via:
23 error     npm owner ls react-reflux
23 error There is likely additional logging output above.
24 verbose exit [ 1, true ]
